[2016-08-21 16:49:23] START
[2016-08-21 16:51:44] EDIT ClinicaPersona/models/menu.py: 1
[2016-08-21 16:52:15] CREATE default/Local.html: 0
[2016-08-21 16:52:44] EDIT ClinicaPersona/controllers/default.py: 2
[2016-08-21 16:56:04] EDIT ClinicaPersona/controllers/default.py: 2
[2016-08-21 16:59:36] EDIT ClinicaPersona/models/db.py: 3
[2016-08-21 17:01:25] EDIT ClinicaPersona/models/db.py: 0
[2016-08-21 17:02:30] EDIT ClinicaPersona/models/db.py: 0
[2016-08-21 17:03:39] EDIT ClinicaPersona/views/default/Local.html: 86
[2016-08-21 17:12:15] EDIT ClinicaPersona/views/default/Local.html: 0
[2016-08-21 17:12:44] EDIT ClinicaPersona/views/default/Local.html: 0
[2016-08-21 17:14:03] EDIT ClinicaPersona/views/default/Local.html: 0
[2016-08-21 17:15:46] EDIT ClinicaPersona/models/db.py: -1
[2016-08-21 17:16:10] EDIT ClinicaPersona/models/db.py: 1
[2016-08-26 19:19:51] EDIT ClinicaPersona/models/db.py: -3
[2016-08-26 19:20:05] CREATE db1.py: 0
[2016-08-26 19:20:13] EDIT ClinicaPersona/models/db1.py: 3
[2016-08-26 19:22:17] CREATE default/Contato.html: 0
[2016-08-26 19:22:35] EDIT ClinicaPersona/views/default/Contato.html: -2
[2016-08-26 19:23:24] CREATE db2.py: 0
[2016-08-26 19:26:21] EDIT ClinicaPersona/models/db2.py: 4
[2016-08-26 19:26:35] EDIT ClinicaPersona/models/db2.py: 0
[2016-08-26 19:26:50] EDIT ClinicaPersona/models/db2.py: 0
[2016-08-26 19:27:13] EDIT ClinicaPersona/models/db2.py: 0
[2016-08-26 19:27:24] EDIT ClinicaPersona/models/db2.py: 0
[2016-08-26 19:27:46] EDIT ClinicaPersona/views/default/Contato.html: 1
[2016-08-26 19:28:48] EDIT ClinicaPersona/models/db2.py: 0
[2016-08-26 19:30:09] EDIT ClinicaPersona/controllers/default.py: 2
[2016-08-26 19:31:38] EDIT ClinicaPersona/models/menu.py: 1
[2016-08-26 19:33:14] EDIT ClinicaPersona/views/default/Contato.html: -1
[2016-08-26 19:33:48] EDIT ClinicaPersona/views/default/Contato.html: 1
[2016-08-26 19:35:10] EDIT ClinicaPersona/controllers/default.py: 1
[2016-08-26 19:35:38] EDIT ClinicaPersona/controllers/default.py: 0
[2016-08-26 19:36:13] EDIT ClinicaPersona/views/default/Contato.html: 0
[2016-08-26 19:37:04] EDIT ClinicaPersona/models/db2.py: 0
[2016-08-26 19:38:30] EDIT ClinicaPersona/views/default/Contato.html: 5
[2016-08-26 19:39:21] EDIT ClinicaPersona/models/db2.py: 0
[2016-08-26 19:40:05] EDIT ClinicaPersona/models/db2.py: 0
[2016-08-26 19:40:39] EDIT ClinicaPersona/models/db2.py: 0
[2016-08-27 10:00:01] CREATE default/Profissional.html: 0
[2016-08-27 10:00:38] CREATE db3.py: 0
[2016-08-27 10:03:12] EDIT ClinicaPersona/models/db3.py: 3
[2016-08-27 10:04:49] EDIT ClinicaPersona/models/db3.py: 1
[2016-08-27 10:07:42] EDIT ClinicaPersona/models/db3.py: 0
[2016-08-27 10:09:22] EDIT ClinicaPersona/models/db3.py: 0
[2016-08-27 10:09:29] EDIT ClinicaPersona/models/db3.py: 0
[2016-08-27 10:12:49] EDIT ClinicaPersona/models/menu.py: 1
[2016-08-27 10:14:48] EDIT ClinicaPersona/controllers/default.py: 3
[2016-08-27 10:15:41] EDIT ClinicaPersona/controllers/default.py: 0
[2016-08-27 10:17:44] EDIT ClinicaPersona/views/default/Profissional.html: -1
[2016-08-27 10:18:35] EDIT ClinicaPersona/controllers/default.py: 1
[2016-08-27 10:19:30] EDIT ClinicaPersona/views/default/Profissional.html: 0
[2016-08-27 10:20:07] EDIT ClinicaPersona/views/default/Profissional.html: 0
[2016-08-27 10:20:57] EDIT ClinicaPersona/views/default/Profissional.html: 0
[2016-08-27 10:21:28] EDIT ClinicaPersona/views/default/Profissional.html: 0
[2016-08-27 10:22:43] EDIT ClinicaPersona/views/default/Profissional.html: 0
[2016-08-27 10:29:43] EDIT ClinicaPersona/views/default/Profissional.html: 4
[2016-08-27 10:30:45] EDIT ClinicaPersona/views/default/Profissional.html: -2
[2016-08-27 10:32:57] EDIT ClinicaPersona/views/default/Profissional.html: 0
[2016-08-27 10:33:44] EDIT ClinicaPersona/views/default/Profissional.html: 0
[2016-08-27 10:34:17] EDIT ClinicaPersona/views/default/Profissional.html: 0
[2016-08-27 10:34:41] EDIT ClinicaPersona/views/default/Profissional.html: 0
[2016-08-27 10:35:15] EDIT ClinicaPersona/views/default/Profissional.html: 0
[2016-08-27 10:36:11] EDIT ClinicaPersona/views/default/Profissional.html: 0
[2016-08-27 10:37:24] EDIT ClinicaPersona/controllers/default.py: 0
[2016-08-27 10:39:15] EDIT ClinicaPersona/controllers/default.py: 0
[2016-08-27 10:39:52] EDIT ClinicaPersona/controllers/default.py: 0
[2016-08-27 10:40:23] EDIT ClinicaPersona/views/default/Profissional.html: 0
[2016-08-27 10:41:47] EDIT ClinicaPersona/views/default/Profissional.html: 1
[2016-08-27 10:42:41] EDIT ClinicaPersona/views/default/Profissional.html: 1
[2016-08-27 10:43:42] EDIT ClinicaPersona/views/default/Profissional.html: 12
[2016-08-27 10:50:38] EDIT ClinicaPersona/models/db3.py: 3
[2016-08-27 10:57:46] EDIT ClinicaPersona/models/db3.py: 4
[2016-08-27 10:58:54] EDIT ClinicaPersona/models/db3.py: -5
[2016-08-27 10:59:07] CREATE db4.py: 0
[2016-08-27 10:59:22] EDIT ClinicaPersona/models/db4.py: 5
[2016-08-27 11:00:09] EDIT ClinicaPersona/models/db4.py: 0
[2016-08-27 11:00:46] EDIT ClinicaPersona/models/db4.py: 0
[2016-08-27 11:02:22] DELETE ClinicaPersona/models/db4.py: -5
[2016-08-27 11:02:54] EDIT ClinicaPersona/models/db3.py: 5
[2016-08-27 11:04:48] EDIT ClinicaPersona/models/db3.py: 0
[2016-08-27 11:05:39] EDIT ClinicaPersona/models/db3.py: 0
[2016-08-27 11:06:09] EDIT ClinicaPersona/models/db3.py: 0
[2016-08-27 11:07:00] EDIT ClinicaPersona/models/db3.py: 0
[2016-08-27 11:10:41] EDIT ClinicaPersona/views/default/Profissional.html: 0
[2016-08-27 11:13:02] EDIT ClinicaPersona/controllers/default.py: 2
[2016-08-27 11:13:37] EDIT ClinicaPersona/views/default/Profissional.html: 0
[2016-08-27 11:14:47] EDIT ClinicaPersona/views/default/Profissional.html: 0
[2016-08-27 11:15:23] EDIT ClinicaPersona/views/default/Profissional.html: 0
[2016-08-27 11:15:43] EDIT ClinicaPersona/views/default/Profissional.html: 0
[2016-08-27 11:16:08] EDIT ClinicaPersona/views/default/Profissional.html: 0
[2016-08-27 11:16:57] EDIT ClinicaPersona/views/default/Profissional.html: 0
[2016-08-27 11:17:27] EDIT ClinicaPersona/views/default/Profissional.html: 0
[2016-08-27 11:17:48] EDIT ClinicaPersona/views/default/Profissional.html: 0
[2016-08-27 11:18:11] EDIT ClinicaPersona/views/default/Profissional.html: 0
[2016-08-27 11:19:01] EDIT ClinicaPersona/views/default/Profissional.html: -1
[2016-08-27 11:19:21] EDIT ClinicaPersona/views/default/Profissional.html: -1
[2016-08-27 11:19:44] EDIT ClinicaPersona/views/default/Profissional.html: -3
[2016-08-27 11:20:16] EDIT ClinicaPersona/views/default/Profissional.html: 0
[2016-08-27 11:21:29] EDIT ClinicaPersona/views/default/Profissional.html: -1
[2016-08-27 11:23:27] EDIT ClinicaPersona/views/default/Profissional.html: 2
[2016-08-27 11:23:55] EDIT ClinicaPersona/views/default/Profissional.html: 0
[2016-08-27 11:24:22] EDIT ClinicaPersona/views/default/Profissional.html: 0
[2016-08-27 11:24:44] EDIT ClinicaPersona/views/default/Profissional.html: -1
[2016-08-27 11:25:50] EDIT ClinicaPersona/views/default/Profissional.html: 0
[2016-08-27 11:26:30] EDIT ClinicaPersona/views/default/Profissional.html: 0
[2016-08-27 11:26:49] EDIT ClinicaPersona/views/default/Profissional.html: 0
[2016-08-27 11:29:49] CREATE default/downloads/.html: 0
[2016-08-27 11:34:58] CREATE default/downloads/Janaina.html: 0
[2016-08-27 11:37:33] EDIT ClinicaPersona/controllers/default.py: 0
[2016-08-27 11:37:40] EDIT ClinicaPersona/controllers/default.py: 0
[2016-08-27 11:41:28] EDIT ClinicaPersona/controllers/default.py: 0
[2016-08-27 11:42:04] EDIT ClinicaPersona/controllers/default.py: 0
[2016-08-27 11:45:32] EDIT ClinicaPersona/controllers/default.py: 0
[2016-08-27 11:45:56] EDIT ClinicaPersona/controllers/default.py: 0
[2016-08-27 11:46:38] EDIT ClinicaPersona/controllers/default.py: 0
[2016-08-27 11:47:19] EDIT ClinicaPersona/controllers/default.py: 0
[2016-08-27 11:47:45] EDIT ClinicaPersona/controllers/default.py: 0
[2016-08-27 11:47:59] EDIT ClinicaPersona/controllers/default.py: 0
[2016-08-27 11:49:56] EDIT ClinicaPersona/views/default/Profissional.html: 0
[2016-08-27 11:50:53] EDIT ClinicaPersona/views/default/Profissional.html: 0
[2016-08-27 11:51:30] EDIT ClinicaPersona/views/default/Profissional.html: 0
[2016-08-27 11:51:59] EDIT ClinicaPersona/views/default/Profissional.html: 0
[2016-08-27 12:03:37] EDIT ClinicaPersona/views/default/Profissional.html: -9
[2016-08-27 12:03:47] EDIT ClinicaPersona/views/default/Profissional.html: 0
[2016-08-27 12:04:43] EDIT ClinicaPersona/views/default/Profissional.html: 0
[2016-08-27 12:05:31] EDIT ClinicaPersona/views/default/Profissional.html: 0
[2016-08-27 12:06:38] EDIT ClinicaPersona/views/default/Profissional.html: 0
[2016-08-27 12:07:20] EDIT ClinicaPersona/views/default/Profissional.html: 0
[2016-08-27 12:07:34] EDIT ClinicaPersona/views/default/Profissional.html: 0
[2016-08-27 12:11:28] EDIT ClinicaPersona/views/default/Profissional.html: 0
[2016-08-27 12:11:47] EDIT ClinicaPersona/views/default/Profissional.html: 0
[2016-08-27 12:11:56] EDIT ClinicaPersona/views/default/Profissional.html: 0
[2016-08-27 12:13:26] EDIT ClinicaPersona/views/default/Profissional.html: 0
[2016-08-27 12:15:39] EDIT ClinicaPersona/controllers/default.py: 3
[2016-08-27 12:16:37] EDIT ClinicaPersona/controllers/default.py: 0
[2016-08-27 12:17:22] EDIT ClinicaPersona/views/default/Profissional.html: 0
[2016-08-27 12:19:35] EDIT ClinicaPersona/controllers/default.py: -1
[2016-08-27 12:20:56] EDIT ClinicaPersona/controllers/default.py: 0
[2016-08-27 12:21:26] EDIT ClinicaPersona/controllers/default.py: 0
[2016-08-27 12:25:24] EDIT ClinicaPersona/controllers/default.py: 0
[2016-08-27 12:26:12] EDIT ClinicaPersona/controllers/default.py: 0
[2016-08-27 12:26:26] EDIT ClinicaPersona/controllers/default.py: 0
[2016-08-27 12:28:20] EDIT ClinicaPersona/controllers/default.py: 0
[2016-08-27 12:32:03] EDIT ClinicaPersona/controllers/default.py: 0
[2016-08-27 12:34:01] EDIT ClinicaPersona/views/default/Profissional.html: 0
[2016-08-27 12:34:37] EDIT ClinicaPersona/views/default/Profissional.html: 0
[2016-08-27 12:35:17] EDIT ClinicaPersona/controllers/default.py: 0
[2016-08-27 12:35:58] EDIT ClinicaPersona/controllers/default.py: 0
[2016-08-27 12:37:05] EDIT ClinicaPersona/controllers/default.py: 1
[2016-08-27 12:39:37] EDIT ClinicaPersona/controllers/default.py: 0
[2016-08-27 12:39:59] EDIT ClinicaPersona/controllers/default.py: 0
[2016-08-27 12:40:25] EDIT ClinicaPersona/controllers/default.py: 0
[2016-08-27 12:41:17] EDIT ClinicaPersona/controllers/default.py: 0
[2016-08-27 12:41:47] EDIT ClinicaPersona/controllers/default.py: 0
[2016-08-27 12:42:29] EDIT ClinicaPersona/controllers/default.py: 0
[2016-08-27 12:43:45] EDIT ClinicaPersona/views/default/Profissional.html: 0
[2016-08-27 12:44:37] EDIT ClinicaPersona/views/default/Profissional.html: 0
[2016-08-27 12:46:03] DELETE ClinicaPersona/views/default/downloads/Igual.png: -162
[2016-08-27 12:46:14] DELETE ClinicaPersona/views/default/downloads/Janaina.html: -3
[2016-08-27 12:46:36] CREATE default/Janaina.html: 0
[2016-08-27 12:47:13] EDIT ClinicaPersona/views/default/Profissional.html: 0
[2016-08-27 12:48:37] EDIT ClinicaPersona/views/default/Profissional.html: 0
[2016-08-27 12:50:26] EDIT ClinicaPersona/views/default/Profissional.html: 1
[2016-08-27 12:51:40] EDIT ClinicaPersona/controllers/default.py: 0
[2016-08-27 12:53:43] EDIT ClinicaPersona/controllers/default.py: 1
[2016-08-27 12:54:12] EDIT ClinicaPersona/controllers/default.py: 0
[2016-08-27 12:57:56] EDIT ClinicaPersona/views/default/Profissional.html: 1
[2016-08-27 12:59:31] EDIT ClinicaPersona/views/default/Profissional.html: 0
[2016-08-27 12:59:53] EDIT ClinicaPersona/views/default/Profissional.html: 0
[2016-08-27 13:00:13] EDIT ClinicaPersona/views/default/Profissional.html: -1
[2016-08-27 13:00:50] EDIT ClinicaPersona/views/default/Profissional.html: 0
[2016-08-27 13:01:39] EDIT ClinicaPersona/views/default/Profissional.html: 0
[2016-08-27 13:03:14] EDIT ClinicaPersona/views/default/Profissional.html: 0
[2016-08-27 13:03:36] EDIT ClinicaPersona/views/default/Profissional.html: -1
[2016-08-27 13:04:41] EDIT ClinicaPersona/views/default/Profissional.html: 0
[2016-08-27 13:05:04] EDIT ClinicaPersona/views/default/Profissional.html: 0
[2016-08-27 13:05:51] EDIT ClinicaPersona/views/default/Profissional.html: 0
[2016-08-27 13:06:23] EDIT ClinicaPersona/views/default/Profissional.html: 0
[2016-08-27 13:08:04] EDIT ClinicaPersona/views/default/Profissional.html: 0
[2016-08-27 13:09:49] EDIT ClinicaPersona/views/default/Profissional.html: 0
[2016-08-27 13:11:41] EDIT ClinicaPersona/views/default/Profissional.html: 0
[2016-08-27 13:15:13] EDIT ClinicaPersona/views/default/Profissional.html: 0
[2016-08-27 13:17:49] EDIT ClinicaPersona/views/default/Profissional.html: 0
[2016-08-27 13:18:10] EDIT ClinicaPersona/views/default/Profissional.html: 0
[2016-08-27 13:18:34] EDIT ClinicaPersona/views/default/Profissional.html: 0
[2016-08-27 13:18:51] EDIT ClinicaPersona/views/default/Profissional.html: 0
[2016-08-27 13:19:13] EDIT ClinicaPersona/views/default/Profissional.html: 0
[2016-08-27 13:19:31] EDIT ClinicaPersona/views/default/Profissional.html: 0
[2016-08-27 13:19:56] EDIT ClinicaPersona/views/default/Profissional.html: 0
[2016-08-27 13:20:27] EDIT ClinicaPersona/views/default/Profissional.html: 0
[2016-08-27 13:21:18] EDIT ClinicaPersona/views/default/Profissional.html: 0
[2016-08-27 13:21:52] EDIT ClinicaPersona/views/default/Profissional.html: 0
[2016-08-27 13:22:26] EDIT ClinicaPersona/views/default/Profissional.html: 0
[2016-08-27 13:22:40] EDIT ClinicaPersona/views/default/Profissional.html: 0
[2016-08-27 13:23:01] EDIT ClinicaPersona/views/default/Profissional.html: 0
[2016-08-27 13:23:33] EDIT ClinicaPersona/views/default/Profissional.html: 0
[2016-08-27 14:57:25] DELETE ClinicaPersona/views/default/Janaina.html: -3
[2016-08-27 15:00:26] EDIT ClinicaPersona/views/default/Profissional.html: 0
[2016-08-27 15:01:40] EDIT ClinicaPersona/views/default/Profissional.html: 0
[2016-08-27 15:01:59] EDIT ClinicaPersona/views/default/Profissional.html: 0
[2016-08-27 15:04:43] EDIT ClinicaPersona/views/default/Profissional.html: 2
[2016-08-27 15:08:53] EDIT ClinicaPersona/controllers/default.py: -2
[2016-08-27 15:09:36] EDIT ClinicaPersona/models/db3.py: 0
[2016-08-27 15:10:22] EDIT ClinicaPersona/views/default/Profissional.html: 1
[2016-08-27 15:10:38] EDIT ClinicaPersona/views/default/Profissional.html: 0
[2016-08-27 15:14:00] EDIT ClinicaPersona/views/default/Profissional.html: -1
[2016-08-27 15:15:00] EDIT ClinicaPersona/views/default/Profissional.html: 0
[2016-08-27 15:15:18] EDIT ClinicaPersona/views/default/Profissional.html: 0
[2016-08-27 15:15:45] EDIT ClinicaPersona/views/default/Profissional.html: 0
[2016-08-27 15:27:07] EDIT ClinicaPersona/views/default/Profissional.html: 1
[2016-08-27 15:53:12] EDIT ClinicaPersona/views/default/Profissional.html: 1
[2016-08-27 15:54:41] EDIT ClinicaPersona/views/default/Profissional.html: -1
[2016-09-03 11:49:31] EDIT ClinicaPersona/views/default/index.html: 0
[2016-09-03 11:50:06] EDIT ClinicaPersona/views/default/index.html: 0
[2016-09-03 11:51:09] EDIT ClinicaPersona/views/default/index.html: 0
[2016-09-03 11:53:02] EDIT ClinicaPersona/views/default/index.html: -3
[2016-09-03 11:54:23] EDIT ClinicaPersona/views/default/index.html: -2
[2016-09-03 11:55:01] EDIT ClinicaPersona/views/default/index.html: 0
[2016-09-03 11:55:43] EDIT ClinicaPersona/views/default/index.html: 1
[2016-09-03 11:56:44] EDIT ClinicaPersona/views/default/index.html: 1
[2016-09-03 11:57:14] EDIT ClinicaPersona/views/default/index.html: 0
[2016-09-03 11:58:01] EDIT ClinicaPersona/views/default/index.html: -1
[2016-09-03 11:59:10] EDIT ClinicaPersona/views/default/index.html: 0
[2016-09-03 12:00:05] EDIT ClinicaPersona/views/default/index.html: 0
[2016-09-03 12:03:55] EDIT ClinicaPersona/views/default/index.html: 0
[2016-09-03 12:04:01] EDIT ClinicaPersona/views/default/index.html: 0
[2016-09-03 12:05:39] EDIT ClinicaPersona/views/default/index.html: 1
[2016-09-03 12:05:57] EDIT ClinicaPersona/views/default/index.html: 0
[2016-09-03 12:06:25] EDIT ClinicaPersona/views/default/index.html: -1
[2016-09-03 12:06:56] EDIT ClinicaPersona/views/default/index.html: 0
[2016-09-03 12:08:03] EDIT ClinicaPersona/views/default/index.html: 0
[2016-09-03 12:09:29] EDIT ClinicaPersona/views/default/index.html: 0
[2016-09-03 12:10:44] EDIT ClinicaPersona/views/default/index.html: 0
[2016-09-03 12:13:33] EDIT ClinicaPersona/views/default/index.html: 0
[2016-09-03 12:16:40] EDIT ClinicaPersona/views/default/index.html: -3
[2016-09-03 12:18:37] EDIT ClinicaPersona/views/default/index.html: 1
[2016-09-03 12:20:06] EDIT ClinicaPersona/views/default/index.html: 0
[2016-09-03 12:21:11] EDIT ClinicaPersona/views/default/index.html: 0
[2016-09-03 12:21:33] EDIT ClinicaPersona/views/default/index.html: 0
[2016-09-03 12:22:10] EDIT ClinicaPersona/views/default/index.html: 0
[2016-09-03 12:25:58] EDIT ClinicaPersona/views/default/index.html: 1
[2016-09-03 12:26:41] EDIT ClinicaPersona/controllers/default.py: 0
[2016-09-03 12:27:45] EDIT ClinicaPersona/controllers/default.py: 0
[2016-09-03 12:27:55] EDIT ClinicaPersona/views/default/index.html: 0
[2016-09-03 12:28:08] EDIT ClinicaPersona/views/default/index.html: 0
[2016-09-03 12:28:14] EDIT ClinicaPersona/controllers/default.py: 0
[2016-09-04 11:45:13] EDIT ClinicaPersona/views/layout.html: 0
[2016-09-04 11:45:30] EDIT ClinicaPersona/views/layout.html: 0
[2016-09-04 11:55:33] EDIT ClinicaPersona/views/default/Profissional.html: 10
[2016-09-04 11:56:50] EDIT ClinicaPersona/views/default/Local.html: 10
[2016-09-04 11:57:04] EDIT ClinicaPersona/views/default/Contato.html: 10
